<?xml version="1.0" encoding="UTF-8"?>
<testsuite name="CinemaTests" tests="1" skipped="0" failures="0" errors="0" timestamp="2022-07-11T12:01:44" hostname="Zdzislaws-MBP.home" time="1.96">
  <properties/>
  <testcase name="start" classname="CinemaTests" time="1.96"/>
  <system-out><![CDATA[?[1;31m
Start test 1?[0m

  .   ____          _            __ _ _
 /\\ / ___'_ __ _ _(_)_ __  __ _ \ \ \ \
( ( )\___ | '_ | '_| | '_ \/ _` | \ \ \ \
 \\/  ___)| |_)| | | | | || (_| |  ) ) ) )
  '  |____| .__|_| |_|_| |_\__, | / / / /
 =========|_|==============|___/=/_/_/_/
 :: Spring Boot ::                (v2.5.6)

2022-07-11 14:01:45.338  INFO 2168 --- [    Test worker] cinema.Main                              : Starting Main using Java 17.0.3 on Zdzislaws-MBP.home with PID 2168 (started by zdzislawpietrewicz in /Users/zdzislawpietrewicz/code/Cinema Room Rest Service/Cinema Room REST Service/task)
2022-07-11 14:01:45.340  INFO 2168 --- [    Test worker] cinema.Main                              : No active profile set, falling back to default profiles: default
2022-07-11 14:01:46.112  INFO 2168 --- [    Test worker] o.s.b.w.embedded.tomcat.TomcatWebServer  : Tomcat initialized with port(s): 28852 (http)
2022-07-11 14:01:46.120  INFO 2168 --- [    Test worker] o.apache.catalina.core.StandardService   : Starting service [Tomcat]
2022-07-11 14:01:46.120  INFO 2168 --- [    Test worker] org.apache.catalina.core.StandardEngine  : Starting Servlet engine: [Apache Tomcat/9.0.54]
2022-07-11 14:01:46.179  INFO 2168 --- [    Test worker] o.a.c.c.C.[Tomcat].[localhost].[/]       : Initializing Spring embedded WebApplicationContext
2022-07-11 14:01:46.179  INFO 2168 --- [    Test worker] w.s.c.ServletWebServerApplicationContext : Root WebApplicationContext: initialization completed in 806 ms
2022-07-11 14:01:46.436  INFO 2168 --- [    Test worker] o.s.b.a.w.s.WelcomePageHandlerMapping    : Adding welcome page: class path resource [static/index.html]
2022-07-11 14:01:46.557  INFO 2168 --- [    Test worker] o.s.b.a.e.web.EndpointLinksResolver      : Exposing 1 endpoint(s) beneath base path '/actuator'
2022-07-11 14:01:46.581  INFO 2168 --- [    Test worker] o.s.b.w.embedded.tomcat.TomcatWebServer  : Tomcat started on port(s): 28852 (http) with context path ''
2022-07-11 14:01:46.591  INFO 2168 --- [    Test worker] cinema.Main                              : Started Main in 1.498 seconds (JVM running for 1.983)
2022-07-11 14:01:46.820  INFO 2168 --- [io-28852-exec-1] o.a.c.c.C.[Tomcat].[localhost].[/]       : Initializing Spring DispatcherServlet 'dispatcherServlet'
2022-07-11 14:01:46.820  INFO 2168 --- [io-28852-exec-1] o.s.web.servlet.DispatcherServlet        : Initializing Servlet 'dispatcherServlet'
2022-07-11 14:01:46.821  INFO 2168 --- [io-28852-exec-1] o.s.web.servlet.DispatcherServlet        : Completed initialization in 0 ms
?[1;31m
Start test 2?[0m
]]></system-out>
  <system-err><![CDATA[]]></system-err>
</testsuite>
